|   iter    |  target   |   alpha   |     k     |     l     |
-------------------------------------------------------------
|  1        | -342.3    |  0.0834   |  3.161    |  1.001    |
|  2        | -477.3    |  0.06047  |  1.44     |  2.2      |
|  3        | -695.4    |  0.03725  |  2.037    |  6.158    |
|  4        | -390.3    |  0.1078   |  2.258    |  9.908    |
|  5        | -590.1    |  0.04089  |  3.634    |  1.356    |
|  6        | -583.2    |  0.07517  |  3.37     |  11.07    |
|  7        | -263.1    |  0.1065   |  3.362    |  3.274    |
|  8        | -365.6    |  0.1192   |  1.783    |  10.71    |
|  9        | -737.9    |  0.0455   |  1.467    |  13.31    |
|  10       | -199.0    |  0.1453   |  3.186    |  3.531    |
|  11       | -199.8    |  0.1393   |  3.213    |  3.492    |
|  12       | -156.1    |  0.1911   |  2.992    |  7.119    |
|  13       | -556.0    |  0.09775  |  3.524    |  13.73    |
|  14       | -148.4    |  0.1914   |  2.994    |  7.121    |
|  15       | -224.0    |  0.171    |  3.158    |  12.86    |
|  16       | -113.1    |  0.1807   |  3.029    |  7.129    |
|  17       | -198.9    |  0.1384   |  3.213    |  3.521    |
|  18       | -485.6    |  0.0548   |  3.293    |  1.869    |
|  19       | -114.5    |  0.1766   |  2.999    |  7.162    |
|  20       | -117.4    |  0.1812   |  3.026    |  7.109    |
|  21       | -103.7    |  0.1832   |  2.976    |  7.215    |
|  22       | -128.6    |  0.1592   |  3.052    |  7.133    |
|  23       | -105.7    |  0.1845   |  2.984    |  7.202    |
|  24       | -144.9    |  0.1502   |  3.051    |  7.111    |
|  25       | -150.9    |  0.1966   |  2.94     |  7.222    |
|  26       | -129.7    |  0.1565   |  2.968    |  7.249    |
|  27       | -706.7    |  0.04601  |  1.194    |  10.15    |
|  28       | -102.6    |  0.1756   |  2.978    |  7.215    |
|  29       | -154.8    |  0.1455   |  3.005    |  7.138    |
|  30       | -161.5    |  0.1678   |  2.256    |  4.849    |
|  31       | -103.5    |  0.1691   |  2.962    |  7.196    |
|  32       | -132.8    |  0.1867   |  3.014    |  7.137    |
|  33       | -183.9    |  0.1377   |  2.983    |  7.257    |
|  34       | -138.1    |  0.1532   |  2.98     |  7.193    |
|  35       | -184.4    |  0.1365   |  2.97     |  7.261    |
|  36       | -165.0    |  0.1921   |  2.994    |  7.103    |
|  37       | -802.4    |  0.02064  |  1.171    |  5.805    |
|  38       | -328.7    |  0.08738  |  1.58     |  1.985    |
|  39       | -126.9    |  0.1916   |  2.938    |  7.205    |
|  40       | -142.7    |  0.1502   |  3.049    |  7.115    |
|  41       | -102.1    |  0.1795   |  2.966    |  7.203    |
|  42       | -101.0    |  0.1806   |  2.941    |  7.172    |
|  43       | -139.3    |  0.1534   |  3.026    |  7.11     |
|  44       | -213.1    |  0.1788   |  2.295    |  4.844    |
|  45       | -537.2    |  0.05095  |  3.536    |  2.699    |
|  46       | -169.0    |  0.1675   |  2.256    |  4.85     |
|  47       | -148.7    |  0.1497   |  3.028    |  7.156    |
|  48       | -263.0    |  0.1622   |  3.242    |  12.56    |
|  49       | -189.7    |  0.1739   |  2.244    |  4.841    |
|  50       | -586.0    |  0.05374  |  2.989    |  6.327    |
|  51       | -118.2    |  0.1648   |  3.005    |  7.193    |
|  52       | -169.6    |  0.1942   |  3.028    |  7.125    |
|  53       | -137.6    |  0.1539   |  3.012    |  7.168    |
|  54       | -122.2    |  0.1635   |  3.009    |  7.139    |
|  55       | -132.8    |  0.1554   |  3.012    |  7.224    |
=============================================================
|   iter    |  target   |   alpha   |     k     |     l     |
-------------------------------------------------------------
|  1        | -215.2    |  0.0834   |  3.161    |  1.001    |
|  2        | -57.2     |  0.06047  |  1.44     |  2.2      |
|  3        | -274.7    |  0.03725  |  2.037    |  6.158    |
|  4        | -22.55    |  0.1078   |  2.258    |  9.908    |
|  5        | -149.6    |  0.04089  |  3.634    |  1.356    |
|  6        | -24.52    |  0.1077   |  2.26     |  9.911    |
|  7        | -223.7    |  0.06068  |  2.244    |  9.891    |
|  8        | -14.33    |  0.1162   |  2.25     |  9.92     |
|  9        | -332.5    |  0.0455   |  1.467    |  13.31    |
|  10       | -38.11    |  0.06893  |  1.456    |  2.195    |
|  11       | -15.47    |  0.09405  |  2.27     |  7.135    |
|  12       | -57.68    |  0.1424   |  2.248    |  9.931    |
|  13       | -193.4    |  0.09775  |  3.524    |  13.73    |
|  14       | -262.6    |  0.0645   |  3.291    |  12.14    |
|  15       | -35.76    |  0.171    |  3.158    |  12.86    |
|  16       | -106.4    |  0.08855  |  2.265    |  9.921    |
|  17       | -23.92    |  0.1306   |  2.203    |  9.933    |
|  18       | -65.58    |  0.0548   |  3.293    |  1.869    |
|  19       | -17.7     |  0.1032   |  2.246    |  7.113    |
|  20       | -75.79    |  0.1464   |  2.241    |  9.906    |
|  21       | -13.94    |  0.1172   |  2.197    |  9.939    |
|  22       | -127.3    |  0.06466  |  2.29     |  7.154    |
|  23       | -45.32    |  0.1733   |  3.138    |  12.84    |
|  24       | -78.04    |  0.1453   |  2.216    |  9.933    |
|  25       | -15.69    |  0.1248   |  2.235    |  9.888    |
|  26       | -80.45    |  0.1166   |  2.27     |  7.141    |
|  27       | -286.5    |  0.04601  |  1.194    |  10.15    |
|  28       | -25.53    |  0.1656   |  3.164    |  12.83    |
|  29       | -13.99    |  0.1169   |  2.251    |  9.911    |
|  30       | -524.0    |  0.1678   |  2.256    |  4.849    |
|  31       | -20.02    |  0.1286   |  2.227    |  9.904    |
|  32       | -13.55    |  0.1216   |  2.235    |  9.898    |
|  33       | -150.0    |  0.03976  |  3.276    |  1.867    |
|  34       | -98.35    |  0.1954   |  3.134    |  12.87    |
|  35       | -15.1     |  0.1237   |  2.197    |  9.937    |
|  36       | -14.05    |  0.1154   |  2.233    |  9.854    |
|  37       | -372.5    |  0.02064  |  1.171    |  5.805    |
|  38       | -143.3    |  0.08738  |  1.58     |  1.985    |
|  39       | -29.26    |  0.1341   |  2.222    |  9.925    |
|  40       | -13.82    |  0.1216   |  2.232    |  9.916    |
|  41       | -28.7     |  0.1317   |  2.195    |  9.853    |
|  42       | -30.0     |  0.1677   |  3.159    |  12.84    |
|  43       | -798.7    |  0.1668   |  1.372    |  1.471    |
|  44       | -22.06    |  0.13     |  2.206    |  9.942    |
|  45       | -104.0    |  0.05095  |  3.536    |  2.699    |
|  46       | -20.03    |  0.1509   |  1.709    |  12.38    |
|  47       | -13.29    |  0.1176   |  2.247    |  9.855    |
|  48       | -25.11    |  0.1622   |  3.242    |  12.56    |
|  49       | -14.11    |  0.1204   |  2.206    |  9.937    |
|  50       | -16.82    |  0.09667  |  2.268    |  7.14     |
|  51       | -16.21    |  0.1004   |  2.237    |  7.124    |
|  52       | -35.01    |  0.1694   |  3.25     |  12.54    |
|  53       | -30.22    |  0.1556   |  1.699    |  12.38    |
|  54       | -19.32    |  0.1281   |  2.2      |  9.862    |
|  55       | -14.28    |  0.1215   |  2.23     |  9.9      |
=============================================================
|   iter    |  target   |   alpha   |     k     |     l     |
-------------------------------------------------------------
|  1        | -1.152e+0 |  0.0834   |  3.161    |  1.001    |
|  2        | -1.792e+0 |  0.06047  |  1.44     |  2.2      |
|  3        | -2.588e+0 |  0.03725  |  2.037    |  6.158    |
|  4        | -1.545e+0 |  0.1078   |  2.258    |  9.908    |
|  5        | -2.23e+03 |  0.04089  |  3.634    |  1.356    |
|  6        | -2.202e+0 |  0.07517  |  3.37     |  11.07    |
|  7        | -831.1    |  0.1065   |  3.362    |  3.274    |
|  8        | -1.437e+0 |  0.1192   |  1.783    |  10.71    |
|  9        | -2.745e+0 |  0.0455   |  1.467    |  13.31    |
|  10       | -443.4    |  0.1453   |  3.186    |  3.531    |
|  11       | -417.2    |  0.1414   |  3.203    |  3.506    |
|  12       | -1.079e+0 |  0.1354   |  2.275    |  9.907    |
|  13       | -2.112e+0 |  0.09775  |  3.524    |  13.73    |
|  14       | -2.453e+0 |  0.0645   |  3.291    |  12.14    |
|  15       | -959.4    |  0.171    |  3.158    |  12.86    |
|  16       | -568.5    |  0.1354   |  2.644    |  5.982    |
|  17       | -404.5    |  0.1384   |  3.213    |  3.521    |
|  18       | -1.813e+0 |  0.0548   |  3.293    |  1.869    |
|  19       | -707.4    |  0.1604   |  3.203    |  3.517    |
|  20       | -1.254e+0 |  0.1803   |  3.157    |  3.526    |
|  21       | -1.218e+0 |  0.1227   |  2.672    |  9.497    |
|  22       | -362.2    |  0.1687   |  2.645    |  5.949    |
|  23       | -347.5    |  0.1557   |  2.611    |  5.967    |
|  24       | -554.6    |  0.1358   |  2.655    |  5.974    |
|  25       | -1.384e+0 |  0.07841  |  3.18     |  3.514    |
|  26       | -353.4    |  0.1531   |  2.65     |  5.982    |
|  27       | -2.617e+0 |  0.04601  |  1.194    |  10.15    |
|  28       | -404.5    |  0.1377   |  3.17     |  3.532    |
|  29       | -484.2    |  0.1795   |  2.648    |  5.928    |
|  30       | -485.9    |  0.1678   |  2.256    |  4.849    |
|  31       | -406.3    |  0.1354   |  3.199    |  3.518    |
|  32       | -336.6    |  0.1591   |  2.633    |  5.968    |
|  33       | -416.7    |  0.1766   |  2.685    |  5.974    |
|  34       | -621.7    |  0.1863   |  2.686    |  5.96     |
|  35       | -340.7    |  0.1631   |  2.657    |  5.973    |
|  36       | -338.0    |  0.1584   |  2.649    |  5.975    |
|  37       | -2.968e+0 |  0.02064  |  1.171    |  5.805    |
|  38       | -1.163e+0 |  0.08738  |  1.58     |  1.985    |
|  39       | -569.7    |  0.1836   |  2.643    |  5.964    |
|  40       | -354.6    |  0.1529   |  2.658    |  5.998    |
|  41       | -368.5    |  0.1499   |  2.606    |  5.911    |
|  42       | -338.0    |  0.1574   |  2.622    |  5.951    |
|  43       | -338.3    |  0.1569   |  2.621    |  5.962    |
|  44       | -744.9    |  0.192    |  2.636    |  5.94     |
|  45       | -2.011e+0 |  0.05095  |  3.536    |  2.699    |
|  46       | -1.142e+0 |  0.1509   |  1.709    |  12.38    |
|  47       | -634.2    |  0.1308   |  2.613    |  5.9      |
|  48       | -1.102e+0 |  0.1622   |  3.242    |  12.56    |
|  49       | -353.9    |  0.1529   |  2.613    |  5.922    |
|  50       | -808.7    |  0.1953   |  2.681    |  5.99     |
|  51       | -411.5    |  0.1418   |  3.2      |  3.549    |
|  52       | -343.3    |  0.1557   |  2.666    |  5.963    |
|  53       | -566.8    |  0.1355   |  2.679    |  5.966    |
|  54       | -371.5    |  0.1535   |  2.255    |  4.817    |
|  55       | -385.3    |  0.1565   |  2.255    |  4.824    |
=============================================================
|   iter    |  target   |   alpha   |     k     |     l     |
-------------------------------------------------------------
|  1        | -2.201e+0 |  0.0834   |  3.161    |  1.001    |
|  2        | -1.168e+0 |  0.06047  |  1.44     |  2.2      |
|  3        | -207.2    |  0.03725  |  2.037    |  6.158    |
|  4        | -1.631e+0 |  0.1078   |  2.258    |  9.908    |
|  5        | -606.2    |  0.04089  |  3.634    |  1.356    |
|  6        | -791.4    |  0.07517  |  3.37     |  11.07    |
|  7        | -2.609e+0 |  0.1065   |  3.362    |  3.274    |
|  8        | -1.765e+0 |  0.1192   |  1.783    |  10.71    |
|  9        | -70.49    |  0.0455   |  1.467    |  13.31    |
|  10       | -3.886e+0 |  0.1453   |  3.186    |  3.531    |
|  11       | -74.49    |  0.04549  |  1.466    |  13.32    |
|  12       | -849.6    |  0.06045  |  2.042    |  6.169    |
|  13       | -1.218e+0 |  0.09511  |  3.354    |  11.09    |
|  14       | -219.6    |  0.03757  |  2.034    |  6.191    |
|  15       | -318.3    |  0.01571  |  2.033    |  6.191    |
|  16       | -139.4    |  0.02922  |  2.008    |  6.211    |
|  17       | -690.3    |  0.002257 |  2.017    |  6.224    |
|  18       | -274.5    |  0.02483  |  1.454    |  13.33    |
|  19       | -609.9    |  0.04081  |  3.634    |  1.356    |
|  20       | -225.7    |  0.05418  |  1.452    |  13.31    |
|  21       | -106.6    |  0.03537  |  1.449    |  13.32    |
|  22       | -58.0     |  0.04272  |  1.454    |  13.32    |
|  23       | -519.1    |  0.04847  |  2.013    |  6.199    |
|  24       | -175.0    |  0.02422  |  2.065    |  6.168    |
|  25       | -241.7    |  0.03813  |  2.042    |  6.181    |
|  26       | -57.77    |  0.04193  |  1.498    |  13.35    |
|  27       | -195.2    |  0.04601  |  1.194    |  10.15    |
|  28       | -155.9    |  0.05061  |  1.446    |  13.34    |
|  29       | -395.5    |  0.01791  |  1.475    |  13.31    |
|  30       | -476.5    |  0.06807  |  1.484    |  13.38    |
|  31       | -267.4    |  0.0179   |  2.051    |  6.133    |
|  32       | -217.5    |  0.02784  |  1.447    |  13.32    |
|  33       | -376.2    |  0.06254  |  1.478    |  13.36    |
|  34       | -749.3    |  0.07183  |  1.173    |  10.18    |
|  35       | -201.6    |  0.02209  |  2.048    |  6.163    |
|  36       | -385.4    |  0.06306  |  1.505    |  13.33    |
|  37       | -627.9    |  0.00649  |  1.499    |  13.36    |
|  38       | -438.3    |  0.01111  |  1.997    |  6.208    |
|  39       | -415.0    |  0.01705  |  1.512    |  13.36    |
|  40       | -238.9    |  0.02655  |  1.479    |  13.29    |
|  41       | -265.9    |  0.01846  |  1.996    |  6.187    |
|  42       | -260.3    |  0.03826  |  2.087    |  6.175    |
|  43       | -4.869e+0 |  0.1668   |  1.372    |  1.471    |
|  44       | -923.0    |  0.04983  |  3.636    |  1.366    |
|  45       | -995.0    |  0.09475  |  1.491    |  13.27    |
|  46       | -148.1    |  0.03032  |  2.004    |  6.212    |
|  47       | -207.7    |  0.02157  |  2.012    |  6.201    |
|  48       | -142.9    |  0.0277   |  2.045    |  6.177    |
|  49       | -701.7    |  0.002745 |  1.497    |  13.35    |
|  50       | -141.2    |  0.02849  |  2.045    |  6.173    |
|  51       | -490.3    |  0.0686   |  1.531    |  13.35    |
|  52       | -710.1    |  0.001698 |  1.99     |  6.21     |
|  53       | -64.65    |  0.04439  |  1.471    |  13.31    |
|  54       | -425.8    |  0.06507  |  1.445    |  13.34    |
|  55       | -184.2    |  0.02963  |  1.502    |  13.36    |
=============================================================
|   iter    |  target   |   alpha   |     k     |     l     |
-------------------------------------------------------------
|  1        | -1.929e+0 |  0.0834   |  3.161    |  1.001    |
|  2        | -3.35e+03 |  0.06047  |  1.44     |  2.2      |
|  3        | -4.762e+0 |  0.03725  |  2.037    |  6.158    |
|  4        | -2.44e+03 |  0.1078   |  2.258    |  9.908    |
|  5        | -4.212e+0 |  0.04089  |  3.634    |  1.356    |
|  6        | -3.768e+0 |  0.07517  |  3.37     |  11.07    |
|  7        | -1.148e+0 |  0.1065   |  3.362    |  3.274    |
|  8        | -2.171e+0 |  0.1192   |  1.783    |  10.71    |
|  9        | -4.947e+0 |  0.0455   |  1.467    |  13.31    |
|  10       | -528.0    |  0.1453   |  3.186    |  3.531    |
|  11       | -290.3    |  0.14     |  3.21     |  3.496    |
|  12       | -1.399e+0 |  0.1911   |  2.992    |  7.119    |
|  13       | -3.42e+03 |  0.09775  |  3.524    |  13.73    |
|  14       | -1.851e+0 |  0.1726   |  3.261    |  3.419    |
|  15       | -285.9    |  0.1399   |  3.205    |  3.503    |
|  16       | -395.8    |  0.1354   |  2.644    |  5.982    |
|  17       | -231.6    |  0.1384   |  3.213    |  3.521    |
|  18       | -3.443e+0 |  0.0548   |  3.293    |  1.869    |
|  19       | -432.1    |  0.1354   |  2.644    |  5.982    |
|  20       | -607.4    |  0.1196   |  1.338    |  2.518    |
|  21       | -1.753e+0 |  0.1227   |  2.672    |  9.497    |
|  22       | -6.303e+0 |  0.003364 |  1.775    |  11.41    |
|  23       | -4.272e+0 |  0.06247  |  2.639    |  11.75    |
|  24       | -2.781e+0 |  0.09279  |  1.408    |  8.375    |
|  25       | -1.04e+03 |  0.1823   |  2.868    |  13.6     |
|  26       | -443.8    |  0.1608   |  1.954    |  8.885    |
|  27       | -4.75e+03 |  0.04601  |  1.194    |  10.15    |
|  28       | -959.5    |  0.1716   |  3.56     |  12.47    |
|  29       | -1.36e+03 |  0.1197   |  1.345    |  6.319    |
|  30       | -1.025e+0 |  0.1678   |  2.256    |  4.849    |
|  31       | -1.03e+03 |  0.1827   |  2.867    |  13.6     |
|  32       | -3.189e+0 |  0.06549  |  2.654    |  3.9      |
|  33       | -5.947e+0 |  0.008599 |  2.245    |  1.069    |
|  34       | -1.749e+0 |  0.1989   |  2.967    |  7.118    |
|  35       | -5.387e+0 |  0.02769  |  2.313    |  10.04    |
|  36       | -236.9    |  0.1377   |  3.189    |  3.527    |
|  37       | -258.1    |  0.1395   |  3.225    |  3.519    |
|  38       | -1.956e+0 |  0.08738  |  1.58     |  1.985    |
|  39       | -6.074e+0 |  0.008435 |  1.351    |  7.523    |
|  40       | -1.237e+0 |  0.1726   |  2.257    |  4.84     |
|  41       | -5.103e+0 |  0.03962  |  2.061    |  12.44    |
|  42       | -782.5    |  0.1526   |  2.405    |  3.548    |
|  43       | -953.0    |  0.1725   |  3.562    |  12.49    |
|  44       | -1.421e+0 |  0.0988   |  1.564    |  1.985    |
|  45       | -3.794e+0 |  0.05095  |  3.536    |  2.699    |
|  46       | -225.9    |  0.1375   |  3.193    |  3.521    |
|  47       | -6.321e+0 |  0.003107 |  3.327    |  12.97    |
|  48       | -582.6    |  0.158    |  2.24     |  4.83     |
|  49       | -632.5    |  0.159    |  2.241    |  4.847    |
|  50       | -39.26    |  0.1412   |  2.265    |  4.852    |
|  51       | -5.641e+0 |  0.0167   |  1.607    |  4.872    |
|  52       | -472.7    |  0.144    |  3.21     |  3.488    |
|  53       | -446.0    |  0.1605   |  1.933    |  8.889    |
|  54       | -1.113e+0 |  0.1845   |  2.998    |  7.126    |
|  55       | -1.2e+03  |  0.1052   |  3.337    |  3.286    |
=============================================================
|   iter    |  target   |   alpha   |     k     |     l     |
-------------------------------------------------------------
|  1        | -358.9    |  0.0834   |  3.161    |  1.001    |
|  2        | -172.0    |  0.06047  |  1.44     |  2.2      |
|  3        | -42.9     |  0.03725  |  2.037    |  6.158    |
|  4        | -130.7    |  0.1078   |  2.258    |  9.908    |
|  5        | -124.0    |  0.04089  |  3.634    |  1.356    |
|  6        | -58.12    |  0.07517  |  3.37     |  11.07    |
|  7        | -331.3    |  0.1065   |  3.362    |  3.274    |
|  8        | -140.6    |  0.1192   |  1.783    |  10.71    |
|  9        | -16.07    |  0.0455   |  1.467    |  13.31    |
|  10       | -480.0    |  0.1453   |  3.186    |  3.531    |
|  11       | -16.0     |  0.04564  |  1.464    |  13.31    |
|  12       | -13.16    |  0.04376  |  1.458    |  13.31    |
|  13       | -50.66    |  0.09775  |  3.524    |  13.73    |
|  14       | -41.4     |  1e-06    |  1.416    |  13.37    |
|  15       | -1.21     |  0.02676  |  1.45     |  13.33    |
|  16       | -2.387    |  0.02339  |  1.451    |  13.33    |
|  17       | -38.91    |  0.03534  |  2.036    |  6.157    |
|  18       | -1.226    |  0.02483  |  1.454    |  13.33    |
|  19       | -6.284    |  0.03744  |  1.435    |  13.34    |
|  20       | -27.72    |  0.05418  |  1.452    |  13.31    |
|  21       | -4.527    |  0.03537  |  1.449    |  13.32    |
|  22       | -12.03    |  0.04272  |  1.454    |  13.32    |
|  23       | -21.4     |  0.009934 |  1.488    |  13.38    |
|  24       | -35.32    |  0.002373 |  1.479    |  13.31    |
|  25       | -43.8     |  0.08942  |  3.501    |  13.72    |
|  26       | -29.01    |  0.006305 |  1.445    |  13.37    |
|  27       | -32.21    |  0.04601  |  1.194    |  10.15    |
|  28       | -21.65    |  0.05061  |  1.446    |  13.34    |
|  29       | -10.33    |  0.01791  |  1.475    |  13.31    |
|  30       | -438.3    |  0.1678   |  2.256    |  4.849    |
|  31       | -35.54    |  0.002373 |  1.498    |  13.37    |
|  32       | -1.222    |  0.02784  |  1.447    |  13.32    |
|  33       | -0.9877   |  0.02668  |  1.461    |  13.32    |
|  34       | -44.79    |  0.09125  |  3.506    |  13.72    |
|  35       | -8.502    |  0.02209  |  2.048    |  6.163    |
|  36       | -29.89    |  0.005754 |  1.494    |  13.36    |
|  37       | -4.111    |  0.02064  |  1.171    |  5.805    |
|  38       | -293.8    |  0.08738  |  1.58     |  1.985    |
|  39       | -12.04    |  0.01705  |  1.512    |  13.36    |
|  40       | -1.23     |  0.02655  |  1.479    |  13.29    |
|  41       | -15.21    |  0.02578  |  1.149    |  5.793    |
|  42       | -14.61    |  0.007904 |  1.194    |  5.779    |
|  43       | -12.75    |  0.04321  |  1.446    |  13.28    |
|  44       | -20.56    |  0.02781  |  1.201    |  5.794    |
|  45       | -143.7    |  0.05095  |  3.536    |  2.699    |
|  46       | -1.058    |  0.02795  |  1.489    |  13.28    |
|  47       | -1.819    |  0.01819  |  1.163    |  5.79     |
|  48       | -142.7    |  0.1622   |  3.242    |  12.56    |
|  49       | -1.498    |  0.01834  |  1.144    |  5.789    |
|  50       | -0.8848   |  0.01512  |  2.047    |  6.162    |
|  51       | -7.626    |  0.01959  |  1.485    |  13.26    |
|  52       | -20.42    |  0.006357 |  1.181    |  5.809    |
|  53       | -10.51    |  0.00971  |  1.148    |  5.788    |
|  54       | -13.3     |  0.01504  |  1.464    |  13.28    |
|  55       | -1.189    |  0.02963  |  1.502    |  13.36    |
=============================================================
|   iter    |  target   |   alpha   |     k     |     l     |
-------------------------------------------------------------
|  1        | -781.1    |  0.0834   |  3.161    |  1.001    |
|  2        | -2.053e+0 |  0.06047  |  1.44     |  2.2      |
|  3        | -3.441e+0 |  0.03725  |  2.037    |  6.158    |
|  4        | -1.43e+03 |  0.1078   |  2.258    |  9.908    |
